[2023-06-26 13:32:18,145] multiqc                                            [DEBUG  ]  This is MultiQC v1.14 (da791c6)
[2023-06-26 13:32:18,145] multiqc                                            [DEBUG  ]  Command used: /Users/mcarrara/repos/revseq/2023_cb_stadler_ReVSeq/SVVC/.snakemake/conda/a6fe1d3407c42f94050698186acab4d2_/bin/multiqc results
[2023-06-26 13:32:18,449] multiqc                                            [DEBUG  ]  Latest MultiQC version is v1.14
[2023-06-26 13:32:18,450] multiqc                                            [DEBUG  ]  Working dir : /Users/mcarrara/repos/revseq/2023_cb_stadler_ReVSeq/SVVC
[2023-06-26 13:32:18,450] multiqc                                            [DEBUG  ]  Template    : default
[2023-06-26 13:32:18,450] multiqc                                            [DEBUG  ]  Running Python 3.11.4 | packaged by conda-forge | (main, Jun 10 2023, 18:10:28) [Clang 15.0.7 ]
[2023-06-26 13:32:18,450] multiqc                                            [DEBUG  ]  Analysing modules: custom_content, ccs, ngsderive, purple, conpair, lima, peddy, somalier, methylQA, mosdepth, phantompeakqualtools, qualimap, preseq, hifiasm, quast, qorts, rna_seqc, rockhopper, rsem, rseqc, busco, bustools, goleft_indexcov, gffcompare, disambiguate, supernova, deeptools, sargasso, verifybamid, mirtrace, happy, mirtop, sambamba, gopeaks, homer, hops, macs2, theta2, snpeff, gatk, htseq, bcftools, featureCounts, fgbio, dragen, dragen_fastqc, dedup, pbmarkdup, damageprofiler, biobambam2, jcvi, mtnucratio, picard, vep, sentieon, prokka, qc3C, nanostat, samblaster, samtools, sexdeterrmine, eigenstratdatabasetools, bamtools, jellyfish, vcftools, longranger, stacks, varscan2, snippy, umitools, bbmap, bismark, biscuit, diamond, hicexplorer, hicup, hicpro, salmon, kallisto, slamdunk, star, hisat2, tophat, bowtie2, bowtie1, cellranger, snpsplit, odgi, pangolin, nextclade, humid, kat, leehom, adapterRemoval, bbduk, clipandmerge, cutadapt, flexbar, kaiju, kraken, malt, motus, trimmomatic, sickle, skewer, sortmerna, biobloomtools, fastq_screen, afterqc, fastp, fastqc, filtlong, prinseqplusplus, pychopper, porechop, pycoqc, minionqc, anglerfish, multivcfanalyzer, clusterflow, checkqc, bcl2fastq, bclconvert, interop, ivar, flash, seqyclean, optitype, whatshap
[2023-06-26 13:32:18,451] multiqc                                            [DEBUG  ]  Using temporary directory for creating report: /var/folders/9w/vjfbf7lx0f71whl330l9rsr80000gq/T/tmpp009ejjc
[2023-06-26 13:32:18,533] multiqc                                            [INFO   ]  Search path : /Users/mcarrara/repos/revseq/2023_cb_stadler_ReVSeq/SVVC/results
[2023-06-26 13:32:18,726] multiqc                                            [DEBUG  ]  Summary of files that were skipped by the search: [skipped_module_specific_max_filesize: 43] // [skipped_no_match: 8] // [skipped_ignore_pattern: 5]
[2023-06-26 13:32:21,000] multiqc.plots.bargraph                             [DEBUG  ]  Using matplotlib version 3.7.1
[2023-06-26 13:32:21,002] multiqc.plots.linegraph                            [DEBUG  ]  Using matplotlib version 3.7.1
[2023-06-26 13:32:21,003] multiqc                                            [DEBUG  ]  No samples found: custom_content
[2023-06-26 13:32:21,014] multiqc.modules.cutadapt.cutadapt                  [INFO   ]  Found 2 reports
[2023-06-26 13:32:21,088] multiqc.modules.fastqc.fastqc                      [INFO   ]  Found 2 reports
[2023-06-26 13:32:21,128] multiqc                                            [INFO   ]  Compressing plot data
[2023-06-26 13:32:21,172] multiqc                                            [INFO   ]  Report      : multiqc_report.html
[2023-06-26 13:32:21,172] multiqc                                            [INFO   ]  Data        : multiqc_data
[2023-06-26 13:32:21,172] multiqc                                            [DEBUG  ]  Moving data file from '/var/folders/9w/vjfbf7lx0f71whl330l9rsr80000gq/T/tmpp009ejjc/multiqc_data' to '/Users/mcarrara/repos/revseq/2023_cb_stadler_ReVSeq/SVVC/multiqc_data'
[2023-06-26 13:32:21,282] multiqc                                            [INFO   ]  MultiQC complete
